<?xml version="1.0" encoding="UTF-8"?>
<testng-results skipped="0" failed="0" total="0" passed="0">
  <reporter-output>
  </reporter-output>
  <suite name="FirstPack.AppTest" duration-ms="10" started-at="2016-12-08T18:59:31Z" finished-at="2016-12-08T18:59:31Z">
    <groups>
    </groups>
    <test name="Command line test" duration-ms="10" started-at="2016-12-08T18:59:31Z" finished-at="2016-12-08T18:59:31Z">
    </test> <!-- Command line test -->
  </suite> <!-- FirstPack.AppTest -->
</testng-results>
